<?xml version="1.0" encoding="utf-8"?><testsuites name="pytest tests"><testsuite name="pytest" errors="0" failures="0" skipped="0" tests="14" time="35.721" timestamp="2026-07-10T07:31:41.818113+00:00" hostname="agent-env-feadb89d-429b-42cb-99a8-d64dbe39976b"><testcase classname="tests.test_identity_auth.TestCompareIdentity" name="test_compare_anonymous_two_responses" time="10.974" /><testcase classname="tests.test_identity_auth.TestAdminPlan" name="test_admin_wrong_token_401" time="0.258" /><testcase classname="tests.test_identity_auth.TestAdminPlan" name="test_admin_missing_token_401" time="0.201" /><testcase classname="tests.test_identity_auth.TestAdminPlan" name="test_admin_correct_token_promotes" time="0.216" /><testcase classname="tests.test_identity_auth.TestAdminPlan" name="test_admin_unknown_plan_400" time="0.043" /><testcase classname="tests.test_identity_auth.TestMe" name="test_me_anonymous" time="0.041" /><testcase classname="tests.test_identity_auth.TestMe" name="test_me_identified_autocreate_and_last_seen" time="1.192" /><testcase classname="tests.test_identity_auth.TestProvidersAndPlansRegression" name="test_providers_five_slots" time="0.041" /><testcase classname="tests.test_identity_auth.TestProvidersAndPlansRegression" name="test_plans_free_available" time="0.045" /><testcase classname="tests.test_identity_auth.TestRateLimit" name="test_rate_limit_429_after_20" time="1.689" /><testcase classname="tests.test_identity_auth.TestSmartReuseThreshold" name="test_jaccard_fallback_055" time="0.320" /><testcase classname="tests.test_identity_auth.TestEncryptionRefusal" name="test_user_keys_refuses_without_env" time="0.003" /><testcase classname="tests.test_identity_auth.TestCompareIdentity" name="test_compare_free_user_increments_usage" time="12.781" /><testcase classname="tests.test_identity_auth.TestCompareIdentity" name="test_compare_premium_still_two_because_claude_disabled" time="11.168" /></testsuite></testsuites>