<?xml version="1.0" encoding="utf-8"?><testsuites name="pytest tests"><testsuite name="pytest" errors="0" failures="1" skipped="0" tests="11" time="68.553" timestamp="2026-07-10T08:22:47.544686+00:00" hostname="agent-env-feadb89d-429b-42cb-99a8-d64dbe39976b"><testcase classname="tests.test_multilingual" name="test_providers_5_slots" time="0.281" /><testcase classname="tests.test_multilingual" name="test_plans_3" time="0.046" /><testcase classname="tests.test_multilingual" name="test_me_anonymous" time="0.049" /><testcase classname="tests.test_multilingual" name="test_query_create_accepts_answer_language" time="0.051" /><testcase classname="tests.test_multilingual" name="test_match_thresholds_070" time="1.268" /><testcase classname="tests.test_multilingual" name="test_language_supported_pt" time="0.478" /><testcase classname="tests.test_multilingual" name="test_compare_italian_conclusion" time="17.138"><failure message="AssertionError: {'Google DeepMind', 'OpenAI'}&#10;assert False&#10; +  where False = &lt;built-in method issubset of set object at 0xffba5d122b20&gt;({'gemini', 'openai'})&#10; +    where &lt;built-in method issubset of set object at 0xffba5d122b20&gt; = {'Google DeepMind', 'OpenAI'}.issubset">backend/tests/test_multilingual.py:103: in test_compare_italian_conclusion
    assert providers.issubset({"openai", "gemini"}), providers
E   AssertionError: {'Google DeepMind', 'OpenAI'}
E   assert False
E    +  where False = &lt;built-in method issubset of set object at 0xffba5d122b20&gt;({'gemini', 'openai'})
E    +    where &lt;built-in method issubset of set object at 0xffba5d122b20&gt; = {'Google DeepMind', 'OpenAI'}.issubset</failure></testcase><testcase classname="tests.test_multilingual" name="test_compare_english_conclusion" time="10.308" /><testcase classname="tests.test_multilingual" name="test_compare_french_conclusion" time="16.486" /><testcase classname="tests.test_multilingual" name="test_conclusion_get_translate_spanish_and_cache" time="21.443" /><testcase classname="tests.test_multilingual" name="test_create_query_does_not_seed_conclusions" time="0.380" /></testsuite></testsuites>