<?xml version="1.0" encoding="utf-8"?><testsuites name="pytest tests"><testsuite name="pytest" errors="0" failures="0" skipped="0" tests="7" time="21.317" timestamp="2026-07-10T06:54:25.761728+00:00" hostname="agent-env-feadb89d-429b-42cb-99a8-d64dbe39976b"><testcase classname="tests.backend_test.TestMatch" name="test_match_news_never_reuse" time="0.387" /><testcase classname="tests.backend_test.TestProviders" name="test_providers_list" time="0.134" /><testcase classname="tests.backend_test.TestProviders" name="test_provider_specs_same_5" time="0.252" /><testcase classname="tests.backend_test.TestMatch" name="test_match_sensitive_refresh" time="0.044" /><testcase classname="tests.backend_test.TestMatch" name="test_match_technical_reusable" time="1.476" /><testcase classname="tests.backend_test.TestCompareOnlyLive" name="test_compare_only_2_live" time="9.169" /><testcase classname="tests.backend_test.TestTranslate" name="test_translate_needs_cached_conclusion" time="11.187" /></testsuite></testsuites>