<?xml version="1.0" encoding="utf-8"?><testsuites name="pytest tests"><testsuite name="pytest" errors="0" failures="0" skipped="0" tests="16" time="25.671" timestamp="2026-07-10T07:13:23.101181+00:00" hostname="agent-env-feadb89d-429b-42cb-99a8-d64dbe39976b"><testcase classname="tests.backend_test.TestProviders" name="test_providers_list" time="0.323" /><testcase classname="tests.backend_test.TestMatch" name="test_match_thresholds_from_env" time="0.332" /><testcase classname="tests.backend_test.TestProviders" name="test_provider_specs_same_5" time="0.084" /><testcase classname="tests.backend_test.TestMatch" name="test_match_news_never_reuse" time="0.044" /><testcase classname="tests.backend_test.TestMatch" name="test_match_sensitive_refresh" time="0.048" /><testcase classname="tests.backend_test.TestClaudeWiring" name="test_claude_flip_reports_live" time="0.888" /><testcase classname="tests.backend_test.TestBYOK" name="test_resolve_platform_key_for_model_a" time="0.460" /><testcase classname="tests.backend_test.TestBYOK" name="test_resolve_model_b_none_on_free" time="0.000" /><testcase classname="tests.backend_test.TestRequirements" name="test_anthropic_and_cryptography_importable" time="0.619" /><testcase classname="tests.backend_test.TestClaudeWiring" name="test_claude_default_disabled_reports_premium_coming_soon" time="0.778" /><testcase classname="tests.backend_test.TestRequirements" name="test_requirements_pins" time="0.000" /><testcase classname="tests.backend_test.TestPlans" name="test_plans_contract" time="0.051" /><testcase classname="tests.backend_test.TestCompareOnlyLive" name="test_compare_only_2_live" time="11.297" /><testcase classname="tests.backend_test.TestUserKeysEncryptionRefusal" name="test_set_user_key_refuses_without_encryption_key" time="0.001" /><testcase classname="tests.backend_test.TestUserKeysEncryptionRefusal" name="test_user_keys_file_never_logs_raw" time="0.001" /><testcase classname="tests.backend_test.TestTranslate" name="test_translate_smoke" time="12.052" /></testsuite></testsuites>